<html>
<head>
<title>TestNG:  FFTest1-SignInTest</title>
<link href="../testng.css" rel="stylesheet" type="text/css" />
<link href="../my-testng.css" rel="stylesheet" type="text/css" />

<style type="text/css">
.log { display: none;} 
.stack-trace { display: none;} 
</style>
<script type="text/javascript">
<!--
function flip(e) {
  current = e.style.display;
  if (current == 'block') {
    e.style.display = 'none';
    return 0;
  }
  else {
    e.style.display = 'block';
    return 1;
  }
}

function toggleBox(szDivId, elem, msg1, msg2)
{
  var res = -1;  if (document.getElementById) {
    res = flip(document.getElementById(szDivId));
  }
  else if (document.all) {
    // this is the way old msie versions work
    res = flip(document.all[szDivId]);
  }
  if(elem) {
    if(res == 0) elem.innerHTML = msg1; else elem.innerHTML = msg2;
  }

}

function toggleAllBoxes() {
  if (document.getElementsByTagName) {
    d = document.getElementsByTagName('div');
    for (i = 0; i < d.length; i++) {
      if (d[i].className == 'log') {
        flip(d[i]);
      }
    }
  }
}

// -->
</script>

</head>
<body>
<h2 align='center'>FFTest1-SignInTest</h2><table border='1' align="center">
<tr>
<td>Tests passed/Failed/Skipped:</td><td>4/1/0</td>
</tr><tr>
<td>Started on:</td><td>Sun Mar 29 15:23:47 IST 2020</td>
</tr>
<tr><td>Total time:</td><td>853 seconds (853911 ms)</td>
</tr><tr>
<td>Included groups:</td><td>txt smoke </td>
</tr><tr>
<td>Excluded groups:</td><td></td>
</tr>
</table><p/>
<small><i>(Hover the method name to see the test class name)</i></small><p/>
<table width='100%' border='1' class='invocation-failed'>
<tr><td colspan='4' align='center'><b>FAILED TESTS</b></td></tr>
<tr><td><b>Test method</b></td>
<td width="30%"><b>Exception</b></td>
<td width="10%"><b>Time (seconds)</b></td>
<td><b>Instance</b></td>
</tr>
<tr>
<td title='com.a32hp.automationpracticee.framework.test.createaccountandlogin.SignInTest.validateSignInPage_SignInSectionHeading_SIP()'><b>validateSignInPage_SignInSectionHeading_SIP</b><br>Test class: com.a32hp.automationpracticee.framework.test.createaccountandlogin.SignInTest<br/>
<a href="#Output-1257482365" onClick='toggleBox("Output-1257482365", this, "Show output", "Hide output");'>Show output</a>

<a href="#Output-1257482365" onClick="toggleAllBoxes();">Show all outputs</a>
<div class='log' id="Output-1257482365">
ITestResult Test Started<br/>
***********beforeFindBy**********<br/>
***********afterFindBy**********<br/>
***********beforeFindBy**********<br/>
***********afterFindBy**********<br/>
***********beforeFindBy**********<br/>
***********afterFindBy**********<br/>
***********beforeFindBy**********<br/>
***********afterFindBy**********<br/>
***********beforeFindBy**********<br/>
***********afterFindBy**********<br/>
***********beforeFindBy**********<br/>
***********afterFindBy**********<br/>
************beforeGetScreenshotAs*********<br/>
*********afterGetScreenshotAs************<br/>
************beforeGetScreenshotAs*********<br/>
*********afterGetScreenshotAs************<br/>
************beforeGetScreenshotAs*********<br/>
*********afterGetScreenshotAs************<br/>
************beforeGetScreenshotAs*********<br/>
*********afterGetScreenshotAs************<br/>
</div>
</td>
<td><div><pre>java.lang.AssertionError: expected [ALREADY REGISTEREDD?] but found [ALREADY REGISTERED?]
	at com.a32hp.automationpracticee.framework.test.createaccountandlogin.SignInTest.validateSignInPage_SignInSectionHeading_SIP(SignInTest.java:173)
	at java.util.concurrent.FutureTask.run(FutureTask.java:266)
	at java.util.concurrent.ThreadPoolExecutor.runWorker(ThreadPoolExecutor.java:1142)
	at java.util.concurrent.ThreadPoolExecutor$Worker.run(ThreadPoolExecutor.java:617)
	at java.lang.Thread.run(Thread.java:748)
... Removed 22 stack frames</pre></div><a href='#' onClick='toggleBox("stack-trace1257482365", this, "Click to show all stack frames", "Click to hide stack frames")'>Click to show all stack frames</a>
<div class='stack-trace' id='stack-trace1257482365'><pre>java.lang.AssertionError: expected [ALREADY REGISTEREDD?] but found [ALREADY REGISTERED?]
	at org.testng.Assert.fail(Assert.java:96)
	at org.testng.Assert.failNotEquals(Assert.java:776)
	at org.testng.Assert.assertEqualsImpl(Assert.java:137)
	at org.testng.Assert.assertEquals(Assert.java:118)
	at org.testng.Assert.assertEquals(Assert.java:453)
	at org.testng.Assert.assertEquals(Assert.java:463)
	at com.a32hp.automationpracticee.framework.test.createaccountandlogin.SignInTest.validateSignInPage_SignInSectionHeading_SIP(SignInTest.java:173)
	at sun.reflect.NativeMethodAccessorImpl.invoke0(Native Method)
	at sun.reflect.NativeMethodAccessorImpl.invoke(NativeMethodAccessorImpl.java:62)
	at sun.reflect.DelegatingMethodAccessorImpl.invoke(DelegatingMethodAccessorImpl.java:43)
	at java.lang.reflect.Method.invoke(Method.java:498)
	at org.testng.internal.MethodInvocationHelper.invokeMethod(MethodInvocationHelper.java:124)
	at org.testng.internal.Invoker.invokeMethod(Invoker.java:580)
	at org.testng.internal.Invoker.invokeTestMethod(Invoker.java:716)
	at org.testng.internal.Invoker.invokeTestMethods(Invoker.java:988)
	at org.testng.internal.TestMethodWorker.invokeTestMethods(TestMethodWorker.java:125)
	at org.testng.internal.TestMethodWorker.run(TestMethodWorker.java:109)
	at org.testng.TestRunner.privateRun(TestRunner.java:648)
	at org.testng.TestRunner.run(TestRunner.java:505)
	at org.testng.SuiteRunner.runTest(SuiteRunner.java:455)
	at org.testng.SuiteRunner.access$000(SuiteRunner.java:40)
	at org.testng.SuiteRunner$SuiteWorker.run(SuiteRunner.java:489)
	at org.testng.internal.thread.ThreadUtil$1.call(ThreadUtil.java:52)
	at java.util.concurrent.FutureTask.run(FutureTask.java:266)
	at java.util.concurrent.ThreadPoolExecutor.runWorker(ThreadPoolExecutor.java:1142)
	at java.util.concurrent.ThreadPoolExecutor$Worker.run(ThreadPoolExecutor.java:617)
	at java.lang.Thread.run(Thread.java:748)
</pre></div></td>
<td>1</td>
<td>com.a32hp.automationpracticee.framework.test.createaccountandlogin.SignInTest@76a4d6c</td></tr>
</table><p>
<table width='100%' border='1' class='invocation-passed'>
<tr><td colspan='4' align='center'><b>PASSED TESTS</b></td></tr>
<tr><td><b>Test method</b></td>
<td width="30%"><b>Exception</b></td>
<td width="10%"><b>Time (seconds)</b></td>
<td><b>Instance</b></td>
</tr>
<tr>
<td title='com.a32hp.automationpracticee.framework.test.createaccountandlogin.SignInTest.validateLoginProcess_SIP()'><b>validateLoginProcess_SIP</b><br>Test class: com.a32hp.automationpracticee.framework.test.createaccountandlogin.SignInTest<br/>
<a href="#Output-1978196578" onClick='toggleBox("Output-1978196578", this, "Show output", "Hide output");'>Show output</a>

<a href="#Output-1978196578" onClick="toggleAllBoxes();">Show all outputs</a>
<div class='log' id="Output-1978196578">
ITestResult Test Started<br/>
***********beforeFindBy**********<br/>
***********afterFindBy**********<br/>
***********beforeFindBy**********<br/>
***********afterFindBy**********<br/>
***********beforeFindBy**********<br/>
***********afterFindBy**********<br/>
**********beforeChangeValueOf***********<br/>
**********afterChangeValueOf***********<br/>
***********beforeFindBy**********<br/>
***********afterFindBy**********<br/>
**********beforeChangeValueOf***********<br/>
**********afterChangeValueOf***********<br/>
***********beforeFindBy**********<br/>
***********afterFindBy**********<br/>
***********beforeFindBy**********<br/>
***********afterFindBy**********<br/>
***********beforeFindBy**********<br/>
***********afterFindBy**********<br/>
**********beforeChangeValueOf***********<br/>
**********afterChangeValueOf***********<br/>
***********beforeFindBy**********<br/>
***********afterFindBy**********<br/>
**********beforeChangeValueOf***********<br/>
**********afterChangeValueOf***********<br/>
***********beforeFindBy**********<br/>
***********afterFindBy**********<br/>
**********beforeClickOn***********<br/>
**********afterClickOn***********<br/>
***********beforeFindBy**********<br/>
***********afterFindBy**********<br/>
***********beforeFindBy**********<br/>
***********afterFindBy**********<br/>
***********beforeFindBy**********<br/>
***********afterFindBy**********<br/>
***********beforeFindBy**********<br/>
***********afterFindBy**********<br/>
***********beforeFindBy**********<br/>
***********afterFindBy**********<br/>
***********beforeFindBy**********<br/>
***********afterFindBy**********<br/>
************beforeGetScreenshotAs*********<br/>
*********afterGetScreenshotAs************<br/>
************beforeGetScreenshotAs*********<br/>
*********afterGetScreenshotAs************<br/>
************beforeGetScreenshotAs*********<br/>
*********afterGetScreenshotAs************<br/>
************beforeGetScreenshotAs*********<br/>
*********afterGetScreenshotAs************<br/>
</div>
</td>
<td></td>
<td>7</td>
<td>com.a32hp.automationpracticee.framework.test.createaccountandlogin.SignInTest@76a4d6c</td></tr>
<tr>
<td title='com.a32hp.automationpracticee.framework.test.createaccountandlogin.SignInTest.validateRegistrationSectionHeading_SignInPage_SIP()'><b>validateRegistrationSectionHeading_SignInPage_SIP</b><br>Test class: com.a32hp.automationpracticee.framework.test.createaccountandlogin.SignInTest<br/>
<a href="#Output-487937285" onClick='toggleBox("Output-487937285", this, "Show output", "Hide output");'>Show output</a>

<a href="#Output-487937285" onClick="toggleAllBoxes();">Show all outputs</a>
<div class='log' id="Output-487937285">
ITestResult Test Started<br/>
***********beforeFindBy**********<br/>
***********afterFindBy**********<br/>
***********beforeFindBy**********<br/>
***********afterFindBy**********<br/>
***********beforeFindBy**********<br/>
***********afterFindBy**********<br/>
***********beforeFindBy**********<br/>
***********afterFindBy**********<br/>
***********beforeFindBy**********<br/>
***********afterFindBy**********<br/>
***********beforeFindBy**********<br/>
***********afterFindBy**********<br/>
************beforeGetScreenshotAs*********<br/>
*********afterGetScreenshotAs************<br/>
************beforeGetScreenshotAs*********<br/>
*********afterGetScreenshotAs************<br/>
************beforeGetScreenshotAs*********<br/>
*********afterGetScreenshotAs************<br/>
************beforeGetScreenshotAs*********<br/>
*********afterGetScreenshotAs************<br/>
</div>
</td>
<td></td>
<td>1</td>
<td>com.a32hp.automationpracticee.framework.test.createaccountandlogin.SignInTest@76a4d6c</td></tr>
<tr>
<td title='com.a32hp.automationpracticee.framework.test.createaccountandlogin.SignInTest.validateSignInPageBreadcrumbText_SIP()'><b>validateSignInPageBreadcrumbText_SIP</b><br>Test class: com.a32hp.automationpracticee.framework.test.createaccountandlogin.SignInTest<br/>
<a href="#Output-154409885" onClick='toggleBox("Output-154409885", this, "Show output", "Hide output");'>Show output</a>

<a href="#Output-154409885" onClick="toggleAllBoxes();">Show all outputs</a>
<div class='log' id="Output-154409885">
ITestResult Test Started<br/>
***********beforeFindBy**********<br/>
***********afterFindBy**********<br/>
***********beforeFindBy**********<br/>
***********afterFindBy**********<br/>
***********beforeFindBy**********<br/>
***********afterFindBy**********<br/>
***********beforeFindBy**********<br/>
***********afterFindBy**********<br/>
***********beforeFindBy**********<br/>
***********afterFindBy**********<br/>
***********beforeFindBy**********<br/>
***********afterFindBy**********<br/>
************beforeGetScreenshotAs*********<br/>
*********afterGetScreenshotAs************<br/>
************beforeGetScreenshotAs*********<br/>
*********afterGetScreenshotAs************<br/>
************beforeGetScreenshotAs*********<br/>
*********afterGetScreenshotAs************<br/>
************beforeGetScreenshotAs*********<br/>
*********afterGetScreenshotAs************<br/>
</div>
</td>
<td></td>
<td>1</td>
<td>com.a32hp.automationpracticee.framework.test.createaccountandlogin.SignInTest@76a4d6c</td></tr>
<tr>
<td title='com.a32hp.automationpracticee.framework.test.createaccountandlogin.SignInTest.validateSignInPage_PageHeading_SIP()'><b>validateSignInPage_PageHeading_SIP</b><br>Test class: com.a32hp.automationpracticee.framework.test.createaccountandlogin.SignInTest<br/>
<a href="#Output-569083364" onClick='toggleBox("Output-569083364", this, "Show output", "Hide output");'>Show output</a>

<a href="#Output-569083364" onClick="toggleAllBoxes();">Show all outputs</a>
<div class='log' id="Output-569083364">
ITestResult Test Started<br/>
***********beforeFindBy**********<br/>
***********afterFindBy**********<br/>
***********beforeFindBy**********<br/>
***********afterFindBy**********<br/>
***********beforeFindBy**********<br/>
***********afterFindBy**********<br/>
***********beforeFindBy**********<br/>
***********afterFindBy**********<br/>
***********beforeFindBy**********<br/>
***********afterFindBy**********<br/>
***********beforeFindBy**********<br/>
***********afterFindBy**********<br/>
************beforeGetScreenshotAs*********<br/>
*********afterGetScreenshotAs************<br/>
************beforeGetScreenshotAs*********<br/>
*********afterGetScreenshotAs************<br/>
************beforeGetScreenshotAs*********<br/>
*********afterGetScreenshotAs************<br/>
************beforeGetScreenshotAs*********<br/>
*********afterGetScreenshotAs************<br/>
</div>
</td>
<td></td>
<td>1</td>
<td>com.a32hp.automationpracticee.framework.test.createaccountandlogin.SignInTest@76a4d6c</td></tr>
</table><p>
</body>
</html>